\BOOKMARK [0][-]{chapter.1}{Aufgabenstellung}{}% 1
\BOOKMARK [0][-]{chapter.2}{Grundlagen}{}% 2
\BOOKMARK [1][-]{section.2.1}{Spill and Fill}{chapter.2}% 3
\BOOKMARK [1][-]{section.2.2}{Verwendung eines Spill and Fill Mechanismus in anderen Prozessoren}{chapter.2}% 4
\BOOKMARK [2][-]{subsection.2.2.1}{Sun Sparc Prozessoren}{section.2.2}% 5
\BOOKMARK [1][-]{section.2.3}{AMIDAR}{chapter.2}% 6
\BOOKMARK [2][-]{subsection.2.3.1}{Funktion}{section.2.3}% 7
\BOOKMARK [2][-]{subsection.2.3.2}{Framestack}{section.2.3}% 8
\BOOKMARK [0][-]{chapter.3}{Implementierung}{}% 9
\BOOKMARK [0][-]{chapter.4}{Evaluation}{}% 10
\BOOKMARK [0][-]{chapter.5}{Fazit}{}% 11
\BOOKMARK [0][-]{chapter.6}{Installation von Latex}{}% 12
\BOOKMARK [1][-]{section.6.1}{Wie beschaffe ich mir LaTeX?}{chapter.6}% 13
\BOOKMARK [2][-]{subsection.6.1.1}{tudfonts und tuddesign}{section.6.1}% 14
\BOOKMARK [1][-]{section.6.2}{Installation des TUD-Design}{chapter.6}% 15
\BOOKMARK [2][-]{subsection.6.2.1}{WinXP / MiKTeX}{section.6.2}% 16
\BOOKMARK [2][-]{subsection.6.2.2}{Apple OS-X}{section.6.2}% 17
\BOOKMARK [2][-]{subsection.6.2.3}{Debian / Ubuntu \(Global\)}{section.6.2}% 18
\BOOKMARK [2][-]{subsection.6.2.4}{Linux \(Global\)}{section.6.2}% 19
\BOOKMARK [2][-]{subsection.6.2.5}{Linux \(Lokal\)}{section.6.2}% 20
\BOOKMARK [0][-]{chapter.7}{\334berschriften}{}% 21
\BOOKMARK [1][-]{section.7.1}{\334berschrift2}{chapter.7}% 22
\BOOKMARK [2][-]{subsection.7.1.1}{\334berschrift3}{section.7.1}% 23
\BOOKMARK [0][-]{chapter.8}{Text in Latex}{}% 24
\BOOKMARK [1][-]{section.8.1}{Umlaute und \304hnliches}{chapter.8}% 25
\BOOKMARK [1][-]{section.8.2}{Querverweis}{chapter.8}% 26
\BOOKMARK [0][-]{chapter.9}{Formeln in Latex}{}% 27
\BOOKMARK [0][-]{chapter.10}{Einbindung von Graphen}{}% 28
\BOOKMARK [0][-]{chapter.11}{Tabellen}{}% 29
\BOOKMARK [0][-]{chapter.12}{Literaturverzeichnis}{}% 30
