\BOOKMARK [0][-]{chapter.1}{Aufgabenstellung}{}% 1
\BOOKMARK [0][-]{chapter.2}{Installation von Latex}{}% 2
\BOOKMARK [1][-]{section.2.1}{Wie beschaffe ich mir LaTeX?}{chapter.2}% 3
\BOOKMARK [2][-]{subsection.2.1.1}{tudfonts und tuddesign}{section.2.1}% 4
\BOOKMARK [1][-]{section.2.2}{Installation des TUD-Design}{chapter.2}% 5
\BOOKMARK [2][-]{subsection.2.2.1}{WinXP / MiKTeX}{section.2.2}% 6
\BOOKMARK [2][-]{subsection.2.2.2}{Apple OS-X}{section.2.2}% 7
\BOOKMARK [2][-]{subsection.2.2.3}{Debian / Ubuntu \(Global\)}{section.2.2}% 8
\BOOKMARK [2][-]{subsection.2.2.4}{Linux \(Global\)}{section.2.2}% 9
\BOOKMARK [2][-]{subsection.2.2.5}{Linux \(Lokal\)}{section.2.2}% 10
\BOOKMARK [0][-]{chapter.3}{\334berschriften}{}% 11
\BOOKMARK [1][-]{section.3.1}{\334berschrift2}{chapter.3}% 12
\BOOKMARK [2][-]{subsection.3.1.1}{\334berschrift3}{section.3.1}% 13
\BOOKMARK [0][-]{chapter.4}{Text in Latex}{}% 14
\BOOKMARK [1][-]{section.4.1}{Umlaute und \304hnliches}{chapter.4}% 15
\BOOKMARK [1][-]{section.4.2}{Querverweis}{chapter.4}% 16
\BOOKMARK [0][-]{chapter.5}{Formeln in Latex}{}% 17
\BOOKMARK [0][-]{chapter.6}{Einbindung von Graphen}{}% 18
\BOOKMARK [0][-]{chapter.7}{Tabellen}{}% 19
\BOOKMARK [0][-]{chapter.8}{Literaturverzeichnis}{}% 20
